#
# There is insufficient memory for the Java Runtime Environment to continue.
# Native memory allocation (malloc) failed to allocate 131088 bytes for Chunk::new
# Possible reasons:
#   The system is out of physical RAM or swap space
#   The process is running with CompressedOops enabled, and the Java Heap may be blocking the growth of the native heap
# Possible solutions:
#   Reduce memory load on the system
#   Increase physical memory or swap space
#   Check if swap backing store is full
#   Decrease Java heap size (-Xmx/-Xms)
#   Decrease number of Java threads
#   Decrease Java thread stack sizes (-Xss)
#   Set larger code cache with -XX:ReservedCodeCacheSize=
#   JVM is running with Unscaled Compressed Oops mode in which the Java heap is
#     placed in the first 4GB address space. The Java Heap base address is the
#     maximum limit for the native heap growth. Please use -XX:HeapBaseMinAddress
#     to set the Java Heap base and to place the Java Heap above 4GB virtual address.
# This output file may be truncated or incomplete.
#
#  Out of Memory Error (arena.cpp:189), pid=77120, tid=77020
#
# JRE version: OpenJDK Runtime Environment Temurin-17.0.3+7 (17.0.3+7) (build 17.0.3+7)
# Java VM: OpenJDK 64-Bit Server VM Temurin-17.0.3+7 (17.0.3+7, mixed mode, tiered, compressed oops, compressed class ptrs, g1 gc, windows-amd64)
# No core dump will be written. Minidumps are not enabled by default on client versions of Windows
#

---------------  S U M M A R Y ------------

Command Line: -ea -Dfile.encoding=UTF-8 -XX:+ShowCodeDetailsInExceptionMessages org.testng.remote.RemoteTestNG -serport 65184 -protocol json -d D:\eclipse-ws\appiumprojectautomation\test-output C:\Users\Abhishek\AppData\Local\Temp\testng-eclipse-1318161802\testng-customsuite.xml

Host: AMD Ryzen 5 5500U with Radeon Graphics         , 12 cores, 5G,  Windows 11 , 64 bit Build 22000 (10.0.22000.708)
Time: Sat Sep 17 00:17:48 2022 India Standard Time elapsed time: 13.660990 seconds (0d 0h 0m 13s)

---------------  T H R E A D  ---------------

Current thread (0x0000014969120c00):  JavaThread "C2 CompilerThread0" daemon [_thread_in_native, id=77020, stack(0x0000003ba4600000,0x0000003ba4700000)]


Current CompileTask:
C2:  13661 2174       4       java.lang.invoke.MethodType::makeImpl (109 bytes)

Stack: [0x0000003ba4600000,0x0000003ba4700000]
Native frames: (J=compiled Java code, j=interpreted, Vv=VM code, C=native code)
V  [jvm.dll+0x675efa]
V  [jvm.dll+0x830a24]
V  [jvm.dll+0x8321ce]
V  [jvm.dll+0x832833]
V  [jvm.dll+0x2454b5]
V  [jvm.dll+0xabd7b]
V  [jvm.dll+0xac30c]
V  [jvm.dll+0xabe8b]
V  [jvm.dll+0x6535dc]
V  [jvm.dll+0x21ee99]
V  [jvm.dll+0x69910c]
V  [jvm.dll+0x219824]
V  [jvm.dll+0x21767b]
V  [jvm.dll+0x1a3ccd]
V  [jvm.dll+0x227178]
V  [jvm.dll+0x2252bc]
V  [jvm.dll+0x7e673b]
V  [jvm.dll+0x7e0cfa]
V  [jvm.dll+0x674d85]
C  [ucrtbase.dll+0x26c0c]
C  [KERNEL32.DLL+0x154e0]
C  [ntdll.dll+0x485b]


---------------  P R O C E S S  ---------------

Threads class SMR info:
_java_thread_list=0x000001496c568760, length=17, elements={
0x000001494f701e20, 0x000001496871b620, 0x000001496871c1d0, 0x000001496876bb80,
0x000001496876c440, 0x0000014969100480, 0x0000014969120010, 0x0000014969120c00,
0x0000014969121500, 0x0000014969122e10, 0x00000149692c7a80, 0x00000149692d7b20,
0x0000014969be6f00, 0x0000014969cb5170, 0x0000014969dc6610, 0x000001496a069ec0,
0x000001496c4ec130
}

Java Threads: ( => current thread )
  0x000001494f701e20 JavaThread "main" [_thread_in_vm, id=63292, stack(0x0000003ba3900000,0x0000003ba3a00000)]
  0x000001496871b620 JavaThread "Reference Handler" daemon [_thread_blocked, id=74332, stack(0x0000003ba4000000,0x0000003ba4100000)]
  0x000001496871c1d0 JavaThread "Finalizer" daemon [_thread_blocked, id=63544, stack(0x0000003ba4100000,0x0000003ba4200000)]
  0x000001496876bb80 JavaThread "Signal Dispatcher" daemon [_thread_blocked, id=75488, stack(0x0000003ba4200000,0x0000003ba4300000)]
  0x000001496876c440 JavaThread "Attach Listener" daemon [_thread_blocked, id=74528, stack(0x0000003ba4300000,0x0000003ba4400000)]
  0x0000014969100480 JavaThread "Service Thread" daemon [_thread_blocked, id=72444, stack(0x0000003ba4400000,0x0000003ba4500000)]
  0x0000014969120010 JavaThread "Monitor Deflation Thread" daemon [_thread_blocked, id=73944, stack(0x0000003ba4500000,0x0000003ba4600000)]
=>0x0000014969120c00 JavaThread "C2 CompilerThread0" daemon [_thread_in_native, id=77020, stack(0x0000003ba4600000,0x0000003ba4700000)]
  0x0000014969121500 JavaThread "C1 CompilerThread0" daemon [_thread_blocked, id=53692, stack(0x0000003ba4700000,0x0000003ba4800000)]
  0x0000014969122e10 JavaThread "Sweeper thread" daemon [_thread_blocked, id=77424, stack(0x0000003ba4800000,0x0000003ba4900000)]
  0x00000149692c7a80 JavaThread "Notification Thread" daemon [_thread_blocked, id=65704, stack(0x0000003ba4900000,0x0000003ba4a00000)]
  0x00000149692d7b20 JavaThread "Common-Cleaner" daemon [_thread_blocked, id=74436, stack(0x0000003ba4b00000,0x0000003ba4c00000)]
  0x0000014969be6f00 JavaThread "ReaderThread" [_thread_in_native, id=69180, stack(0x0000003ba4d00000,0x0000003ba4e00000)]
  0x0000014969cb5170 JavaThread "ForkJoinPool.commonPool-worker-1" daemon [_thread_blocked, id=32584, stack(0x0000003ba4e00000,0x0000003ba4f00000)]
  0x0000014969dc6610 JavaThread "ForkJoinPool.commonPool-worker-2" daemon [_thread_blocked, id=65312, stack(0x0000003ba4f00000,0x0000003ba5000000)]
  0x000001496a069ec0 JavaThread "AsyncHttpClient-1-1" daemon [_thread_blocked, id=17352, stack(0x0000003ba5600000,0x0000003ba5700000)]
  0x000001496c4ec130 JavaThread "AsyncHttpClient-1-2" daemon [_thread_in_native, id=76892, stack(0x0000003ba5c00000,0x0000003ba5d00000)]

Other Threads:
  0x0000014968712900 VMThread "VM Thread" [stack: 0x0000003ba3f00000,0x0000003ba4000000] [id=74784]
  0x000001494f76cc00 WatcherThread [stack: 0x0000003ba4a00000,0x0000003ba4b00000] [id=71616]
  0x000001494f74c930 GCTaskThread "GC Thread#0" [stack: 0x0000003ba3a00000,0x0000003ba3b00000] [id=68448]
  0x0000014969cfec60 GCTaskThread "GC Thread#1" [stack: 0x0000003ba5000000,0x0000003ba5100000] [id=73592]
  0x0000014969cf2410 GCTaskThread "GC Thread#2" [stack: 0x0000003ba5100000,0x0000003ba5200000] [id=70440]
  0x0000014969dc7300 GCTaskThread "GC Thread#3" [stack: 0x0000003ba5200000,0x0000003ba5300000] [id=69672]
  0x0000014969de38b0 GCTaskThread "GC Thread#4" [stack: 0x0000003ba5300000,0x0000003ba5400000] [id=59380]
  0x0000014969de3b60 GCTaskThread "GC Thread#5" [stack: 0x0000003ba5400000,0x0000003ba5500000] [id=75560]
  0x0000014969de7e20 GCTaskThread "GC Thread#6" [stack: 0x0000003ba5500000,0x0000003ba5600000] [id=77468]
  0x000001496a001b80 GCTaskThread "GC Thread#7" [stack: 0x0000003ba5700000,0x0000003ba5800000] [id=59420]
  0x000001496a065b00 GCTaskThread "GC Thread#8" [stack: 0x0000003ba5800000,0x0000003ba5900000] [id=36004]
  0x000001496a1947a0 GCTaskThread "GC Thread#9" [stack: 0x0000003ba5900000,0x0000003ba5a00000] [id=74912]
  0x000001494f75ad40 ConcurrentGCThread "G1 Main Marker" [stack: 0x0000003ba3b00000,0x0000003ba3c00000] [id=73496]
  0x000001494f75b750 ConcurrentGCThread "G1 Conc#0" [stack: 0x0000003ba3c00000,0x0000003ba3d00000] [id=75952]
  0x000001496a194a50 ConcurrentGCThread "G1 Conc#1" [stack: 0x0000003ba5a00000,0x0000003ba5b00000] [id=72156]
  0x0000014969dda860 ConcurrentGCThread "G1 Conc#2" [stack: 0x0000003ba5b00000,0x0000003ba5c00000] [id=76100]
  0x000001494f7bd660 ConcurrentGCThread "G1 Refine#0" [stack: 0x0000003ba3d00000,0x0000003ba3e00000] [id=62924]
  0x00000149685900a0 ConcurrentGCThread "G1 Service" [stack: 0x0000003ba3e00000,0x0000003ba3f00000] [id=75444]

Threads with active compile tasks:
C2 CompilerThread0    13712 2174       4       java.lang.invoke.MethodType::makeImpl (109 bytes)

VM state: not at safepoint (normal execution)

VM Mutex/Monitor currently owned by a thread:  ([mutex/lock_event])
[0x000001494f6fb290] Metaspace_lock - owner thread: 0x000001494f701e20

Heap address: 0x00000000a2200000, size: 1502 MB, Compressed Oops mode: 32-bit

CDS archive(s) not mapped
Compressed class space mapped at: 0x0000000100000000-0x0000000140000000, reserved size: 1073741824
Narrow klass base: 0x0000000000000000, Narrow klass shift: 3, Narrow klass range: 0x140000000

GC Precious Log:
 CPUs: 12 total, 12 available
 Memory: 6005M
 Large Page Support: Disabled
 NUMA Support: Disabled
 Compressed Oops: Enabled (32-bit)
 Heap Region Size: 1M
 Heap Min Capacity: 8M
 Heap Initial Capacity: 94M
 Heap Max Capacity: 1502M
 Pre-touch: Disabled
 Parallel Workers: 10
 Concurrent Workers: 3
 Concurrent Refinement Workers: 10
 Periodic GC: Disabled

Heap:
 garbage-first heap   total 34816K, used 19039K [0x00000000a2200000, 0x0000000100000000)
  region size 1024K, 6 young (6144K), 2 survivors (2048K)
 Metaspace       used 30704K, committed 30976K, reserved 1081344K
  class space    used 3512K, committed 3648K, reserved 1048576K

Heap Regions: E=young(eden), S=young(survivor), O=old, HS=humongous(starts), HC=humongous(continues), CS=collection set, F=free, OA=open archive, CA=closed archive, TAMS=top-at-mark-start (previous, next)
|   0|0x00000000a2200000, 0x00000000a2300000, 0x00000000a2300000|100%| O|  |TAMS 0x00000000a2300000, 0x00000000a2200000| Untracked 
|   1|0x00000000a2300000, 0x00000000a2400000, 0x00000000a2400000|100%| O|  |TAMS 0x00000000a2400000, 0x00000000a2300000| Untracked 
|   2|0x00000000a2400000, 0x00000000a2500000, 0x00000000a2500000|100%| O|  |TAMS 0x00000000a2482000, 0x00000000a2400000| Untracked 
|   3|0x00000000a2500000, 0x00000000a2600000, 0x00000000a2600000|100%| O|  |TAMS 0x00000000a2500000, 0x00000000a2500000| Untracked 
|   4|0x00000000a2600000, 0x00000000a2700000, 0x00000000a2700000|100%| O|  |TAMS 0x00000000a2600000, 0x00000000a2600000| Untracked 
|   5|0x00000000a2700000, 0x00000000a2700000, 0x00000000a2800000|  0%| F|  |TAMS 0x00000000a2700000, 0x00000000a2700000| Untracked 
|   6|0x00000000a2800000, 0x00000000a2900000, 0x00000000a2900000|100%| O|  |TAMS 0x00000000a2800000, 0x00000000a2800000| Untracked 
|   7|0x00000000a2900000, 0x00000000a2a00000, 0x00000000a2a00000|100%| O|  |TAMS 0x00000000a2900000, 0x00000000a2900000| Untracked 
|   8|0x00000000a2a00000, 0x00000000a2b00000, 0x00000000a2b00000|100%| O|  |TAMS 0x00000000a2a00000, 0x00000000a2a00000| Untracked 
|   9|0x00000000a2b00000, 0x00000000a2c00000, 0x00000000a2c00000|100%| O|  |TAMS 0x00000000a2b00000, 0x00000000a2b00000| Untracked 
|  10|0x00000000a2c00000, 0x00000000a2c92400, 0x00000000a2d00000| 57%| O|  |TAMS 0x00000000a2c00000, 0x00000000a2c00000| Untracked 
|  11|0x00000000a2d00000, 0x00000000a2e00000, 0x00000000a2e00000|100%|HS|  |TAMS 0x00000000a2d00000, 0x00000000a2d00000| Complete 
|  12|0x00000000a2e00000, 0x00000000a2f00000, 0x00000000a2f00000|100%|HC|  |TAMS 0x00000000a2e00000, 0x00000000a2e00000| Complete 
|  13|0x00000000a2f00000, 0x00000000a3000000, 0x00000000a3000000|100%|HC|  |TAMS 0x00000000a2f00000, 0x00000000a2f00000| Complete 
|  14|0x00000000a3000000, 0x00000000a3100000, 0x00000000a3100000|100%|HC|  |TAMS 0x00000000a3000000, 0x00000000a3000000| Complete 
|  15|0x00000000a3100000, 0x00000000a3200000, 0x00000000a3200000|100%|HC|  |TAMS 0x00000000a3100000, 0x00000000a3100000| Complete 
|  16|0x00000000a3200000, 0x00000000a3200000, 0x00000000a3300000|  0%| F|  |TAMS 0x00000000a3200000, 0x00000000a3200000| Untracked 
|  17|0x00000000a3300000, 0x00000000a3300000, 0x00000000a3400000|  0%| F|  |TAMS 0x00000000a3300000, 0x00000000a3300000| Untracked 
|  18|0x00000000a3400000, 0x00000000a3405860, 0x00000000a3500000|  2%| S|CS|TAMS 0x00000000a3400000, 0x00000000a3400000| Complete 
|  19|0x00000000a3500000, 0x00000000a3600000, 0x00000000a3600000|100%| S|CS|TAMS 0x00000000a3500000, 0x00000000a3500000| Complete 
|  20|0x00000000a3600000, 0x00000000a3600000, 0x00000000a3700000|  0%| F|  |TAMS 0x00000000a3600000, 0x00000000a3600000| Untracked 
|  21|0x00000000a3700000, 0x00000000a3700000, 0x00000000a3800000|  0%| F|  |TAMS 0x00000000a3700000, 0x00000000a3700000| Untracked 
|  22|0x00000000a3800000, 0x00000000a3800000, 0x00000000a3900000|  0%| F|  |TAMS 0x00000000a3800000, 0x00000000a3800000| Untracked 
|  23|0x00000000a3900000, 0x00000000a3900000, 0x00000000a3a00000|  0%| F|  |TAMS 0x00000000a3900000, 0x00000000a3900000| Untracked 
|  24|0x00000000a3a00000, 0x00000000a3a00000, 0x00000000a3b00000|  0%| F|  |TAMS 0x00000000a3a00000, 0x00000000a3a00000| Untracked 
|  25|0x00000000a3b00000, 0x00000000a3b00000, 0x00000000a3c00000|  0%| F|  |TAMS 0x00000000a3b00000, 0x00000000a3b00000| Untracked 
|  26|0x00000000a3c00000, 0x00000000a3c00000, 0x00000000a3d00000|  0%| F|  |TAMS 0x00000000a3c00000, 0x00000000a3c00000| Untracked 
|  27|0x00000000a3d00000, 0x00000000a3d00000, 0x00000000a3e00000|  0%| F|  |TAMS 0x00000000a3d00000, 0x00000000a3d00000| Untracked 
|  28|0x00000000a3e00000, 0x00000000a3e00000, 0x00000000a3f00000|  0%| F|  |TAMS 0x00000000a3e00000, 0x00000000a3e00000| Untracked 
|  29|0x00000000a3f00000, 0x00000000a3f00000, 0x00000000a4000000|  0%| F|  |TAMS 0x00000000a3f00000, 0x00000000a3f00000| Untracked 
|  71|0x00000000a6900000, 0x00000000a6929658, 0x00000000a6a00000| 16%| E|  |TAMS 0x00000000a6900000, 0x00000000a6900000| Complete 
|  72|0x00000000a6a00000, 0x00000000a6b00000, 0x00000000a6b00000|100%| E|CS|TAMS 0x00000000a6a00000, 0x00000000a6a00000| Complete 
|  73|0x00000000a6b00000, 0x00000000a6c00000, 0x00000000a6c00000|100%| E|CS|TAMS 0x00000000a6b00000, 0x00000000a6b00000| Complete 
|  93|0x00000000a7f00000, 0x00000000a8000000, 0x00000000a8000000|100%| E|CS|TAMS 0x00000000a7f00000, 0x00000000a7f00000| Complete 

Card table byte_map: [0x00000149625e0000,0x00000149628d0000] _byte_map_base: 0x00000149620cf000

Marking Bits (Prev, Next): (CMBitMap*) 0x000001494f74df90, (CMBitMap*) 0x000001494f74df50
 Prev Bits: [0x0000014964340000, 0x0000014965ab8000)
 Next Bits: [0x0000014962bc0000, 0x0000014964338000)

Polling page: 0x000001494d620000

Metaspace:

Usage:
  Non-class:     26.56 MB used.
      Class:      3.43 MB used.
       Both:     29.99 MB used.

Virtual space:
  Non-class space:       32.00 MB reserved,      26.69 MB ( 83%) committed,  4 nodes.
      Class space:        1.00 GB reserved,       3.56 MB ( <1%) committed,  1 nodes.
             Both:        1.03 GB reserved,      30.25 MB (  3%) committed. 

Chunk freelists:
   Non-Class:  1.16 MB
       Class:  479.00 KB
        Both:  1.63 MB

MaxMetaspaceSize: unlimited
CompressedClassSpaceSize: 1.00 GB
Initial GC threshold: 21.00 MB
Current GC threshold: 35.31 MB
CDS: off
MetaspaceReclaimPolicy: balanced
 - commit_granule_bytes: 65536.
 - commit_granule_words: 8192.
 - virtual_space_node_default_size: 1048576.
 - enlarge_chunks_in_place: 1.
 - new_chunks_are_fully_committed: 0.
 - uncommit_free_chunks: 1.
 - use_allocation_guard: 0.
 - handle_deallocations: 1.


Internal statistics:

num_allocs_failed_limit: 3.
num_arena_births: 330.
num_arena_deaths: 0.
num_vsnodes_births: 5.
num_vsnodes_deaths: 0.
num_space_committed: 484.
num_space_uncommitted: 0.
num_chunks_returned_to_freelist: 3.
num_chunks_taken_from_freelist: 967.
num_chunk_merges: 0.
num_chunk_splits: 655.
num_chunks_enlarged: 492.
num_purges: 0.
num_inconsistent_stats: 0.

CodeHeap 'non-profiled nmethods': size=120000Kb used=948Kb max_used=948Kb free=119051Kb
 bounds [0x000001495a870000, 0x000001495aae0000, 0x0000014961da0000]
CodeHeap 'profiled nmethods': size=120000Kb used=4173Kb max_used=4173Kb free=115826Kb
 bounds [0x0000014953340000, 0x0000014953760000, 0x000001495a870000]
CodeHeap 'non-nmethods': size=5760Kb used=1609Kb max_used=1624Kb free=4151Kb
 bounds [0x0000014952da0000, 0x0000014953010000, 0x0000014953340000]
 total_blobs=2900 nmethods=2231 adapters=581
 compilation: enabled
              stopped_count=0, restarted_count=0
 full_count=0

Compilation events (20 events):
Event: 13.648 Thread 0x0000014969121500 2190       3       java.lang.ClassValue::getCacheCarefully (20 bytes)
Event: 13.648 Thread 0x0000014969121500 nmethod 2190 0x0000014953740c10 code [0x0000014953740dc0, 0x0000014953740f38]
Event: 13.648 Thread 0x0000014969121500 2191       3       java.lang.ClassValue$ClassValueMap::probeHomeLocation (13 bytes)
Event: 13.648 Thread 0x0000014969121500 nmethod 2191 0x0000014953741010 code [0x00000149537411c0, 0x0000014953741418]
Event: 13.648 Thread 0x0000014969121500 2192       3       org.codehaus.groovy.reflection.ClassInfo::getClassInfo (13 bytes)
Event: 13.648 Thread 0x0000014969121500 nmethod 2192 0x0000014953741590 code [0x0000014953741740, 0x00000149537419c8]
Event: 13.648 Thread 0x0000014969121500 2187       3       org.codehaus.groovy.reflection.GeneratedMetaMethod$Proxy::<init> (16 bytes)
Event: 13.648 Thread 0x0000014969121500 nmethod 2187 0x0000014953741a90 code [0x0000014953741c60, 0x00000149537420b8]
Event: 13.649 Thread 0x0000014969121500 2193       3       org.codehaus.groovy.util.FastArray::add (71 bytes)
Event: 13.650 Thread 0x0000014969121500 nmethod 2193 0x0000014953742210 code [0x00000149537423e0, 0x00000149537428e8]
Event: 13.650 Thread 0x0000014969121500 2194       3       java.lang.reflect.Method::getParameterTypes (11 bytes)
Event: 13.650 Thread 0x0000014969121500 nmethod 2194 0x0000014953742a90 code [0x0000014953742c40, 0x0000014953742ee8]
Event: 13.650 Thread 0x0000014969121500 2195       3       java.util.HashMap::<init> (8 bytes)
Event: 13.651 Thread 0x0000014969121500 nmethod 2195 0x0000014953743010 code [0x00000149537431e0, 0x0000014953743328]
Event: 13.651 Thread 0x0000014969121500 2198       3       java.lang.ClassValue$Entry::version (8 bytes)
Event: 13.651 Thread 0x0000014969121500 nmethod 2198 0x0000014953743410 code [0x00000149537435a0, 0x0000014953743858]
Event: 13.651 Thread 0x0000014969121500 2197       1       java.lang.ClassValue::version (5 bytes)
Event: 13.651 Thread 0x0000014969121500 nmethod 2197 0x000001495a95bc10 code [0x000001495a95bda0, 0x000001495a95be78]
Event: 13.652 Thread 0x0000014969121500 2199       3       java.util.concurrent.locks.AbstractQueuedSynchronizer::compareAndSetState (13 bytes)
Event: 13.652 Thread 0x0000014969121500 nmethod 2199 0x0000014953743910 code [0x0000014953743aa0, 0x0000014953743bd8]

GC Heap History (10 events):
Event: 1.623 GC heap before
{Heap before GC invocations=0 (full 0):
 garbage-first heap   total 96256K, used 22528K [0x00000000a2200000, 0x0000000100000000)
  region size 1024K, 23 young (23552K), 0 survivors (0K)
 Metaspace       used 14848K, committed 15104K, reserved 1064960K
  class space    used 1481K, committed 1600K, reserved 1048576K
}
Event: 1.630 GC heap after
{Heap after GC invocations=1 (full 0):
 garbage-first heap   total 96256K, used 5640K [0x00000000a2200000, 0x0000000100000000)
  region size 1024K, 3 young (3072K), 3 survivors (3072K)
 Metaspace       used 14848K, committed 15104K, reserved 1064960K
  class space    used 1481K, committed 1600K, reserved 1048576K
}
Event: 2.143 GC heap before
{Heap before GC invocations=1 (full 0):
 garbage-first heap   total 96256K, used 25096K [0x00000000a2200000, 0x0000000100000000)
  region size 1024K, 23 young (23552K), 3 survivors (3072K)
 Metaspace       used 21291K, committed 21504K, reserved 1073152K
  class space    used 2283K, committed 2368K, reserved 1048576K
}
Event: 2.147 GC heap after
{Heap after GC invocations=2 (full 0):
 garbage-first heap   total 96256K, used 8097K [0x00000000a2200000, 0x0000000100000000)
  region size 1024K, 3 young (3072K), 3 survivors (3072K)
 Metaspace       used 21291K, committed 21504K, reserved 1073152K
  class space    used 2283K, committed 2368K, reserved 1048576K
}
Event: 2.646 GC heap before
{Heap before GC invocations=3 (full 0):
 garbage-first heap   total 34816K, used 23457K [0x00000000a2200000, 0x0000000100000000)
  region size 1024K, 19 young (19456K), 3 survivors (3072K)
 Metaspace       used 26083K, committed 26368K, reserved 1073152K
  class space    used 2966K, committed 3136K, reserved 1048576K
}
Event: 2.649 GC heap after
{Heap after GC invocations=4 (full 0):
 garbage-first heap   total 34816K, used 9859K [0x00000000a2200000, 0x0000000100000000)
  region size 1024K, 2 young (2048K), 2 survivors (2048K)
 Metaspace       used 26083K, committed 26368K, reserved 1073152K
  class space    used 2966K, committed 3136K, reserved 1048576K
}
Event: 2.740 GC heap before
{Heap before GC invocations=4 (full 0):
 garbage-first heap   total 34816K, used 10883K [0x00000000a2200000, 0x0000000100000000)
  region size 1024K, 3 young (3072K), 2 survivors (2048K)
 Metaspace       used 26351K, committed 26688K, reserved 1073152K
  class space    used 2998K, committed 3136K, reserved 1048576K
}
Event: 2.743 GC heap after
{Heap after GC invocations=5 (full 0):
 garbage-first heap   total 34816K, used 10130K [0x00000000a2200000, 0x0000000100000000)
  region size 1024K, 1 young (1024K), 1 survivors (1024K)
 Metaspace       used 26351K, committed 26688K, reserved 1073152K
  class space    used 2998K, committed 3136K, reserved 1048576K
}
Event: 13.578 GC heap before
{Heap before GC invocations=5 (full 0):
 garbage-first heap   total 34816K, used 28562K [0x00000000a2200000, 0x0000000100000000)
  region size 1024K, 14 young (14336K), 1 survivors (1024K)
 Metaspace       used 30090K, committed 30336K, reserved 1081344K
  class space    used 3437K, committed 3520K, reserved 1048576K
}
Event: 13.593 GC heap after
{Heap after GC invocations=6 (full 0):
 garbage-first heap   total 34816K, used 15967K [0x00000000a2200000, 0x0000000100000000)
  region size 1024K, 2 young (2048K), 2 survivors (2048K)
 Metaspace       used 30090K, committed 30336K, reserved 1081344K
  class space    used 3437K, committed 3520K, reserved 1048576K
}

Deoptimization events (20 events):
Event: 2.559 Thread 0x0000014969dc6610 Uncommon trap: trap_request=0xffffffde fr.pc=0x000001495a8faae4 relative=0x0000000000000dc4
Event: 2.559 Thread 0x000001494f701e20 Uncommon trap: trap_request=0xffffffde fr.pc=0x000001495a8faae4 relative=0x0000000000000dc4
Event: 2.559 Thread 0x0000014969dc6610 Uncommon trap: reason=class_check action=maybe_recompile pc=0x000001495a8faae4 method=java.util.concurrent.ConcurrentHashMap.putVal(Ljava/lang/Object;Ljava/lang/Object;Z)Ljava/lang/Object; @ 159 c2
Event: 2.559 Thread 0x000001494f701e20 Uncommon trap: reason=class_check action=maybe_recompile pc=0x000001495a8faae4 method=java.util.concurrent.ConcurrentHashMap.putVal(Ljava/lang/Object;Ljava/lang/Object;Z)Ljava/lang/Object; @ 159 c2
Event: 2.559 Thread 0x0000014969dc6610 DEOPT PACKING pc=0x000001495a8faae4 sp=0x0000003ba4ffdb80
Event: 2.559 Thread 0x000001494f701e20 DEOPT PACKING pc=0x000001495a8faae4 sp=0x0000003ba39fb390
Event: 2.559 Thread 0x0000014969dc6610 DEOPT UNPACKING pc=0x0000014952df23a3 sp=0x0000003ba4ffdb00 mode 2
Event: 2.559 Thread 0x000001494f701e20 DEOPT UNPACKING pc=0x0000014952df23a3 sp=0x0000003ba39fb310 mode 2
Event: 2.559 Thread 0x0000014969cb5170 Uncommon trap: trap_request=0xffffffde fr.pc=0x000001495a8fab80 relative=0x0000000000000e60
Event: 2.559 Thread 0x0000014969cb5170 Uncommon trap: reason=class_check action=maybe_recompile pc=0x000001495a8fab80 method=java.util.concurrent.ConcurrentHashMap.putVal(Ljava/lang/Object;Ljava/lang/Object;Z)Ljava/lang/Object; @ 242 c2
Event: 2.559 Thread 0x0000014969cb5170 DEOPT PACKING pc=0x000001495a8fab80 sp=0x0000003ba4efd220
Event: 2.559 Thread 0x0000014969cb5170 DEOPT UNPACKING pc=0x0000014952df23a3 sp=0x0000003ba4efd190 mode 2
Event: 2.559 Thread 0x0000014969cb5170 Uncommon trap: trap_request=0xffffff45 fr.pc=0x000001495a8fa998 relative=0x0000000000000c78
Event: 2.559 Thread 0x0000014969cb5170 Uncommon trap: reason=unstable_if action=reinterpret pc=0x000001495a8fa998 method=java.util.concurrent.ConcurrentHashMap.putVal(Ljava/lang/Object;Ljava/lang/Object;Z)Ljava/lang/Object; @ 97 c2
Event: 2.559 Thread 0x000001494f701e20 Uncommon trap: trap_request=0xffffffde fr.pc=0x000001495a8fab80 relative=0x0000000000000e60
Event: 2.559 Thread 0x000001494f701e20 Uncommon trap: reason=class_check action=maybe_recompile pc=0x000001495a8fab80 method=java.util.concurrent.ConcurrentHashMap.putVal(Ljava/lang/Object;Ljava/lang/Object;Z)Ljava/lang/Object; @ 242 c2
Event: 2.559 Thread 0x0000014969cb5170 DEOPT PACKING pc=0x000001495a8fa998 sp=0x0000003ba4efdaa0
Event: 2.559 Thread 0x000001494f701e20 DEOPT PACKING pc=0x000001495a8fab80 sp=0x0000003ba39fb140
Event: 2.559 Thread 0x0000014969cb5170 DEOPT UNPACKING pc=0x0000014952df23a3 sp=0x0000003ba4efda28 mode 2
Event: 2.559 Thread 0x000001494f701e20 DEOPT UNPACKING pc=0x0000014952df23a3 sp=0x0000003ba39fb0b0 mode 2

Classes unloaded (0 events):
No events

Classes redefined (0 events):
No events

Internal exceptions (20 events):
Event: 2.044 Thread 0x000001494f701e20 Exception <a 'java/lang/NoSuchMethodError'{0x00000000a7268fc0}: 'int java.lang.invoke.DirectMethodHandle$Holder.invokeStaticInit(java.lang.Object, java.lang.Object, java.lang.Object, java.lang.Object)'> (0x00000000a7268fc0) 
thrown [e:\jenkins\tmp\workspace\build\src\src\hotspot\share\interpreter\linkResolver.cpp, line 766]
Event: 2.429 Thread 0x000001494f701e20 Exception <a 'java/lang/NoSuchMethodError'{0x00000000a3adc600}: 'java.lang.Object java.lang.invoke.DirectMethodHandle$Holder.invokeSpecialIFC(java.lang.Object, java.lang.Object, java.lang.Object, java.lang.Object)'> (0x00000000a3adc600) 
thrown [e:\jenkins\tmp\workspace\build\src\src\hotspot\share\interpreter\linkResolver.cpp, line 766]
Event: 2.452 Thread 0x000001494f701e20 Exception <a 'java/lang/NoSuchMethodError'{0x00000000a39b2f40}: 'java.lang.Object java.lang.invoke.DirectMethodHandle$Holder.invokeVirtual(java.lang.Object, java.lang.Object, java.lang.Object)'> (0x00000000a39b2f40) 
thrown [e:\jenkins\tmp\workspace\build\src\src\hotspot\share\interpreter\linkResolver.cpp, line 766]
Event: 2.485 Thread 0x000001494f701e20 Exception <a 'java/lang/NoSuchMethodError'{0x00000000a38fa708}: 'double java.lang.invoke.DirectMethodHandle$Holder.invokeVirtual(java.lang.Object, java.lang.Object)'> (0x00000000a38fa708) 
thrown [e:\jenkins\tmp\workspace\build\src\src\hotspot\share\interpreter\linkResolver.cpp, line 766]
Event: 2.485 Thread 0x000001494f701e20 Exception <a 'java/lang/NoSuchMethodError'{0x00000000a3701330}: 'float java.lang.invoke.DirectMethodHandle$Holder.invokeVirtual(java.lang.Object, java.lang.Object)'> (0x00000000a3701330) 
thrown [e:\jenkins\tmp\workspace\build\src\src\hotspot\share\interpreter\linkResolver.cpp, line 766]
Event: 2.486 Thread 0x000001494f701e20 Exception <a 'java/lang/NoSuchMethodError'{0x00000000a370a310}: 'long java.lang.invoke.DirectMethodHandle$Holder.invokeVirtual(java.lang.Object, java.lang.Object)'> (0x00000000a370a310) 
thrown [e:\jenkins\tmp\workspace\build\src\src\hotspot\share\interpreter\linkResolver.cpp, line 766]
Event: 2.513 Thread 0x000001494f701e20 Exception <a 'java/lang/NoSuchMethodError'{0x00000000a36569c0}: 'void java.lang.invoke.DirectMethodHandle$Holder.invokeSpecial(java.lang.Object, java.lang.Object, java.lang.Object, java.lang.Object, java.lang.Object)'> (0x00000000a36569c0) 
thrown [e:\jenkins\tmp\workspace\build\src\src\hotspot\share\interpreter\linkResolver.cpp, line 766]
Event: 2.513 Thread 0x000001494f701e20 Exception <a 'java/lang/NoSuchMethodError'{0x00000000a365da18}: 'void java.lang.invoke.DirectMethodHandle$Holder.invokeStatic(java.lang.Object, java.lang.Object, int)'> (0x00000000a365da18) 
thrown [e:\jenkins\tmp\workspace\build\src\src\hotspot\share\interpreter\linkResolver.cpp, line 766]
Event: 2.548 Thread 0x000001494f701e20 Exception <a 'java/lang/NoSuchMethodError'{0x00000000a35cf0a0}: 'int java.lang.invoke.DirectMethodHandle$Holder.invokeSpecialIFC(java.lang.Object, java.lang.Object, java.lang.Object)'> (0x00000000a35cf0a0) 
thrown [e:\jenkins\tmp\workspace\build\src\src\hotspot\share\interpreter\linkResolver.cpp, line 766]
Event: 2.559 Thread 0x0000014969dc6610 Exception <a 'java/lang/NoSuchMethodError'{0x00000000a3481728}: 'void java.lang.invoke.DirectMethodHandle$Holder.invokeInterface(java.lang.Object, java.lang.Object, java.lang.Object)'> (0x00000000a3481728) 
thrown [e:\jenkins\tmp\workspace\build\src\src\hotspot\share\interpreter\linkResolver.cpp, line 766]
Event: 2.559 Thread 0x0000014969cb5170 Exception <a 'java/lang/NoSuchMethodError'{0x00000000a34e2c50}: 'void java.lang.invoke.DirectMethodHandle$Holder.invokeInterface(java.lang.Object, java.lang.Object, java.lang.Object)'> (0x00000000a34e2c50) 
thrown [e:\jenkins\tmp\workspace\build\src\src\hotspot\share\interpreter\linkResolver.cpp, line 766]
Event: 2.559 Thread 0x000001494f701e20 Exception <a 'java/lang/NoSuchMethodError'{0x00000000a3435af8}: 'void java.lang.invoke.DirectMethodHandle$Holder.invokeInterface(java.lang.Object, java.lang.Object, java.lang.Object)'> (0x00000000a3435af8) 
thrown [e:\jenkins\tmp\workspace\build\src\src\hotspot\share\interpreter\linkResolver.cpp, line 766]
Event: 2.645 Thread 0x000001494f701e20 Exception <a 'java/lang/NoSuchMethodError'{0x00000000a31fa6e0}: 'void java.lang.invoke.DirectMethodHandle$Holder.invokeSpecial(java.lang.Object, java.lang.Object, java.lang.Object, java.lang.Object, java.lang.Object, java.lang.Object)'> (0x00000000a31fa6e0) 
thrown [e:\jenkins\tmp\workspace\build\src\src\hotspot\share\interpreter\linkResolver.cpp, line 766]
Event: 13.271 Thread 0x000001494f701e20 Exception <a 'java/lang/ClassNotFoundException'{0x00000000a3c6df38}: sun/misc/SharedSecrets> (0x00000000a3c6df38) 
thrown [e:\jenkins\tmp\workspace\build\src\src\hotspot\share\classfile\systemDictionary.cpp, line 256]
Event: 13.279 Thread 0x000001494f701e20 Exception <a 'java/lang/reflect/InvocationTargetException'{0x00000000a3c7f078}> (0x00000000a3c7f078) 
thrown [e:\jenkins\tmp\workspace\build\src\src\hotspot\share\runtime\reflection.cpp, line 1121]
Event: 13.612 Thread 0x000001494f701e20 Exception <a 'java/lang/NoSuchMethodError'{0x00000000a7f89be8}: 'void java.lang.invoke.DirectMethodHandle$Holder.invokeStaticInit(java.lang.Object, java.lang.Object, java.lang.Object)'> (0x00000000a7f89be8) 
thrown [e:\jenkins\tmp\workspace\build\src\src\hotspot\share\interpreter\linkResolver.cpp, line 766]
Event: 13.614 Thread 0x000001494f701e20 Exception <a 'java/lang/NoSuchMethodError'{0x00000000a7f906b8}: 'void java.lang.invoke.DirectMethodHandle$Holder.invokeStaticInit(java.lang.Object, java.lang.Object, java.lang.Object, java.lang.Object)'> (0x00000000a7f906b8) 
thrown [e:\jenkins\tmp\workspace\build\src\src\hotspot\share\interpreter\linkResolver.cpp, line 766]
Event: 13.616 Thread 0x000001494f701e20 Exception <a 'java/lang/NoSuchMethodError'{0x00000000a7fb22c0}: 'void java.lang.invoke.DirectMethodHandle$Holder.invokeStaticInit(java.lang.Object, java.lang.Object, java.lang.Object, java.lang.Object, java.lang.Object)'> (0x00000000a7fb22c0) 
thrown [e:\jenkins\tmp\workspace\build\src\src\hotspot\share\interpreter\linkResolver.cpp, line 766]
Event: 13.626 Thread 0x000001494f701e20 Exception <a 'java/lang/NoSuchMethodError'{0x00000000a6b145f0}: 'java.lang.Object java.lang.invoke.DirectMethodHandle$Holder.invokeStatic(java.lang.Object, java.lang.Object, int)'> (0x00000000a6b145f0) 
thrown [e:\jenkins\tmp\workspace\build\src\src\hotspot\share\interpreter\linkResolver.cpp, line 766]
Event: 13.627 Thread 0x000001494f701e20 Exception <a 'java/lang/NoSuchMethodError'{0x00000000a6b1f900}: 'void java.lang.invoke.DelegatingMethodHandle$Holder.delegate(java.lang.Object, java.lang.Object, int, java.lang.Object)'> (0x00000000a6b1f900) 
thrown [e:\jenkins\tmp\workspace\build\src\src\hotspot\share\interpreter\linkResolver.cpp, line 766]

VM Operations (20 events):
Event: 2.149 Executing VM operation: G1Concurrent
Event: 2.151 Executing VM operation: G1Concurrent done
Event: 2.152 Executing VM operation: G1Concurrent
Event: 2.153 Executing VM operation: G1Concurrent done
Event: 2.252 Executing VM operation: HandshakeAllThreads
Event: 2.253 Executing VM operation: HandshakeAllThreads done
Event: 2.646 Executing VM operation: G1CollectForAllocation
Event: 2.649 Executing VM operation: G1CollectForAllocation done
Event: 2.739 Executing VM operation: G1CollectForAllocation
Event: 2.743 Executing VM operation: G1CollectForAllocation done
Event: 3.756 Executing VM operation: Cleanup
Event: 3.756 Executing VM operation: Cleanup done
Event: 13.387 Executing VM operation: HandshakeAllThreads
Event: 13.388 Executing VM operation: HandshakeAllThreads done
Event: 13.388 Executing VM operation: Cleanup
Event: 13.390 Executing VM operation: Cleanup done
Event: 13.487 Executing VM operation: HandshakeAllThreads
Event: 13.487 Executing VM operation: HandshakeAllThreads done
Event: 13.576 Executing VM operation: G1CollectForAllocation
Event: 13.593 Executing VM operation: G1CollectForAllocation done

Events (20 events):
Event: 13.624 loading class java/lang/invoke/MethodHandleImpl$CasesHolder
Event: 13.624 loading class java/lang/invoke/MethodHandleImpl$CasesHolder done
Event: 13.624 loading class java/lang/invoke/MethodHandleImpl$LoopClauses
Event: 13.624 loading class java/lang/invoke/MethodHandleImpl$LoopClauses done
Event: 13.624 loading class java/lang/invoke/MethodHandleImpl$ArrayAccess
Event: 13.625 loading class java/lang/invoke/MethodHandleImpl$ArrayAccess done
Event: 13.625 loading class java/lang/invoke/MethodHandleImpl$2
Event: 13.625 loading class java/lang/invoke/MethodHandleImpl$2 done
Event: 13.625 loading class java/lang/invoke/MethodHandleImpl$ArrayAccessor
Event: 13.626 loading class java/lang/invoke/MethodHandleImpl$ArrayAccessor done
Event: 13.626 loading class java/lang/invoke/MethodHandleImpl$ArrayAccessor$1
Event: 13.626 loading class java/lang/invoke/MethodHandleImpl$ArrayAccessor$1 done
Event: 13.628 loading class java/util/Collections$CopiesList
Event: 13.629 loading class java/util/Collections$CopiesList done
Event: 13.630 loading class java/lang/invoke/MethodHandleImpl$WrappedMember
Event: 13.630 loading class java/lang/invoke/MethodHandleImpl$WrappedMember done
Event: 13.642 loading class java/util/ComparableTimSort
Event: 13.642 loading class java/util/ComparableTimSort done
Event: 13.648 loading class java/lang/ClassFormatError
Event: 13.649 loading class java/lang/ClassFormatError done


Dynamic libraries:
0x00007ff6dc040000 - 0x00007ff6dc04e000 	C:\Users\Abhishek\Downloads\eclipse-java-2022-06-R-win32-x86_64\eclipse\plugins\org.eclipse.justj.openjdk.hotspot.jre.full.win32.x86_64_17.0.3.v20220515-1416\jre\bin\javaw.exe
0x00007ffcc0ee0000 - 0x00007ffcc10e9000 	C:\Windows\SYSTEM32\ntdll.dll
0x00007ffcbfa40000 - 0x00007ffcbfafd000 	C:\Windows\System32\KERNEL32.DLL
0x00007ffcbe860000 - 0x00007ffcbebdd000 	C:\Windows\System32\KERNELBASE.dll
0x00007ffcb9f30000 - 0x00007ffcb9fc1000 	C:\Windows\SYSTEM32\apphelp.dll
0x00007ffcbebe0000 - 0x00007ffcbecf1000 	C:\Windows\System32\ucrtbase.dll
0x00007ffcb64c0000 - 0x00007ffcb64d8000 	C:\Users\Abhishek\Downloads\eclipse-java-2022-06-R-win32-x86_64\eclipse\plugins\org.eclipse.justj.openjdk.hotspot.jre.full.win32.x86_64_17.0.3.v20220515-1416\jre\bin\jli.dll
0x00007ffca9670000 - 0x00007ffca9689000 	C:\Users\Abhishek\Downloads\eclipse-java-2022-06-R-win32-x86_64\eclipse\plugins\org.eclipse.justj.openjdk.hotspot.jre.full.win32.x86_64_17.0.3.v20220515-1416\jre\bin\VCRUNTIME140.dll
0x00007ffcbee80000 - 0x00007ffcbf02d000 	C:\Windows\System32\USER32.dll
0x00007ffcbe710000 - 0x00007ffcbe736000 	C:\Windows\System32\win32u.dll
0x00007ffcc01a0000 - 0x00007ffcc01c9000 	C:\Windows\System32\GDI32.dll
0x00007ffcbe480000 - 0x00007ffcbe598000 	C:\Windows\System32\gdi32full.dll
0x00007ffcbe7c0000 - 0x00007ffcbe85d000 	C:\Windows\System32\msvcp_win.dll
0x00007ffcab600000 - 0x00007ffcab8a5000 	C:\Windows\WinSxS\amd64_microsoft.windows.common-controls_6595b64144ccf1df_6.0.22000.120_none_9d947278b86cc467\COMCTL32.dll
0x00007ffcbff70000 - 0x00007ffcc0013000 	C:\Windows\System32\msvcrt.dll
0x00007ffcbee40000 - 0x00007ffcbee71000 	C:\Windows\System32\IMM32.DLL
0x00007ffcb68e0000 - 0x00007ffcb68ec000 	C:\Users\Abhishek\Downloads\eclipse-java-2022-06-R-win32-x86_64\eclipse\plugins\org.eclipse.justj.openjdk.hotspot.jre.full.win32.x86_64_17.0.3.v20220515-1416\jre\bin\vcruntime140_1.dll
0x00007ffc90670000 - 0x00007ffc90701000 	C:\Users\Abhishek\Downloads\eclipse-java-2022-06-R-win32-x86_64\eclipse\plugins\org.eclipse.justj.openjdk.hotspot.jre.full.win32.x86_64_17.0.3.v20220515-1416\jre\bin\msvcp140.dll
0x00007ffc28ed0000 - 0x00007ffc29b18000 	C:\Users\Abhishek\Downloads\eclipse-java-2022-06-R-win32-x86_64\eclipse\plugins\org.eclipse.justj.openjdk.hotspot.jre.full.win32.x86_64_17.0.3.v20220515-1416\jre\bin\server\jvm.dll
0x00007ffcc00f0000 - 0x00007ffcc019e000 	C:\Windows\System32\ADVAPI32.dll
0x00007ffcbf1e0000 - 0x00007ffcbf27e000 	C:\Windows\System32\sechost.dll
0x00007ffcbf030000 - 0x00007ffcbf150000 	C:\Windows\System32\RPCRT4.dll
0x00007ffcc0b50000 - 0x00007ffcc0b58000 	C:\Windows\System32\PSAPI.DLL
0x00007ffcb60e0000 - 0x00007ffcb60ea000 	C:\Windows\SYSTEM32\VERSION.dll
0x00007ffc9de30000 - 0x00007ffc9de39000 	C:\Windows\SYSTEM32\WSOCK32.dll
0x00007ffcc0ae0000 - 0x00007ffcc0b4f000 	C:\Windows\System32\WS2_32.dll
0x00007ffcba740000 - 0x00007ffcba773000 	C:\Windows\SYSTEM32\WINMM.dll
0x00007ffcbd460000 - 0x00007ffcbd478000 	C:\Windows\SYSTEM32\kernel.appcore.dll
0x00007ffcba9c0000 - 0x00007ffcba9ca000 	C:\Users\Abhishek\Downloads\eclipse-java-2022-06-R-win32-x86_64\eclipse\plugins\org.eclipse.justj.openjdk.hotspot.jre.full.win32.x86_64_17.0.3.v20220515-1416\jre\bin\jimage.dll
0x00007ffcbc130000 - 0x00007ffcbc351000 	C:\Windows\SYSTEM32\DBGHELP.DLL
0x00007ffcb7340000 - 0x00007ffcb7371000 	C:\Windows\SYSTEM32\dbgcore.DLL
0x00007ffcbe740000 - 0x00007ffcbe7bf000 	C:\Windows\System32\bcryptPrimitives.dll
0x00007ffcb6400000 - 0x00007ffcb6425000 	C:\Users\Abhishek\Downloads\eclipse-java-2022-06-R-win32-x86_64\eclipse\plugins\org.eclipse.justj.openjdk.hotspot.jre.full.win32.x86_64_17.0.3.v20220515-1416\jre\bin\java.dll
0x00007ffcb63e0000 - 0x00007ffcb63f8000 	C:\Users\Abhishek\Downloads\eclipse-java-2022-06-R-win32-x86_64\eclipse\plugins\org.eclipse.justj.openjdk.hotspot.jre.full.win32.x86_64_17.0.3.v20220515-1416\jre\bin\zip.dll
0x00007ffcbf280000 - 0x00007ffcbfa38000 	C:\Windows\System32\SHELL32.dll
0x00007ffcbc4f0000 - 0x00007ffcbcd58000 	C:\Windows\SYSTEM32\windows.storage.dll
0x00007ffcc02b0000 - 0x00007ffcc0629000 	C:\Windows\System32\combase.dll
0x00007ffcbc380000 - 0x00007ffcbc4e6000 	C:\Windows\SYSTEM32\wintypes.dll
0x00007ffcc06b0000 - 0x00007ffcc079a000 	C:\Windows\System32\SHCORE.dll
0x00007ffcc0970000 - 0x00007ffcc09cd000 	C:\Windows\System32\shlwapi.dll
0x00007ffcbe2f0000 - 0x00007ffcbe311000 	C:\Windows\SYSTEM32\profapi.dll
0x00007ffcb63c0000 - 0x00007ffcb63d9000 	C:\Users\Abhishek\Downloads\eclipse-java-2022-06-R-win32-x86_64\eclipse\plugins\org.eclipse.justj.openjdk.hotspot.jre.full.win32.x86_64_17.0.3.v20220515-1416\jre\bin\net.dll
0x00007ffcba780000 - 0x00007ffcba88c000 	C:\Windows\SYSTEM32\WINHTTP.dll
0x00007ffcbd960000 - 0x00007ffcbd9c7000 	C:\Windows\system32\mswsock.dll
0x00007ffcb63a0000 - 0x00007ffcb63b5000 	C:\Users\Abhishek\Downloads\eclipse-java-2022-06-R-win32-x86_64\eclipse\plugins\org.eclipse.justj.openjdk.hotspot.jre.full.win32.x86_64_17.0.3.v20220515-1416\jre\bin\nio.dll
0x00007ffcba400000 - 0x00007ffcba410000 	C:\Users\Abhishek\Downloads\eclipse-java-2022-06-R-win32-x86_64\eclipse\plugins\org.eclipse.justj.openjdk.hotspot.jre.full.win32.x86_64_17.0.3.v20220515-1416\jre\bin\verify.dll
0x00007ffcbd070000 - 0x00007ffcbd158000 	C:\Windows\SYSTEM32\DNSAPI.dll
0x00007ffcbcff0000 - 0x00007ffcbd01d000 	C:\Windows\SYSTEM32\IPHLPAPI.DLL
0x00007ffcc07a0000 - 0x00007ffcc07a9000 	C:\Windows\System32\NSI.dll
0x00007ffcb5120000 - 0x00007ffcb512a000 	C:\Windows\System32\rasadhlp.dll
0x00007ffcb8420000 - 0x00007ffcb84a1000 	C:\Windows\System32\fwpuclnt.dll
0x00007ffcbdbb0000 - 0x00007ffcbdbc8000 	C:\Windows\SYSTEM32\CRYPTSP.dll
0x00007ffcbd420000 - 0x00007ffcbd455000 	C:\Windows\system32\rsaenh.dll
0x00007ffcbda50000 - 0x00007ffcbda79000 	C:\Windows\SYSTEM32\USERENV.dll
0x00007ffcbdd30000 - 0x00007ffcbdd57000 	C:\Windows\SYSTEM32\bcrypt.dll
0x00007ffcbdba0000 - 0x00007ffcbdbac000 	C:\Windows\SYSTEM32\CRYPTBASE.dll
0x00007ffcba680000 - 0x00007ffcba699000 	C:\Windows\SYSTEM32\dhcpcsvc6.DLL
0x00007ffcbab20000 - 0x00007ffcbab3e000 	C:\Windows\SYSTEM32\dhcpcsvc.DLL
0x00007ffcb66a0000 - 0x00007ffcb66a9000 	C:\Users\Abhishek\Downloads\eclipse-java-2022-06-R-win32-x86_64\eclipse\plugins\org.eclipse.justj.openjdk.hotspot.jre.full.win32.x86_64_17.0.3.v20220515-1416\jre\bin\management.dll
0x00007ffcb65b0000 - 0x00007ffcb65bb000 	C:\Users\Abhishek\Downloads\eclipse-java-2022-06-R-win32-x86_64\eclipse\plugins\org.eclipse.justj.openjdk.hotspot.jre.full.win32.x86_64_17.0.3.v20220515-1416\jre\bin\management_ext.dll
0x00007ffcb7c40000 - 0x00007ffcb7c4e000 	C:\Users\Abhishek\Downloads\eclipse-java-2022-06-R-win32-x86_64\eclipse\plugins\org.eclipse.justj.openjdk.hotspot.jre.full.win32.x86_64_17.0.3.v20220515-1416\jre\bin\sunmscapi.dll
0x00007ffcbe5a0000 - 0x00007ffcbe702000 	C:\Windows\System32\CRYPT32.dll
0x00007ffcbdcf0000 - 0x00007ffcbdd18000 	C:\Windows\SYSTEM32\ncrypt.dll
0x00007ffcbdcb0000 - 0x00007ffcbdce7000 	C:\Windows\SYSTEM32\NTASN1.dll
0x00007ffcb6510000 - 0x00007ffcb6518000 	C:\Windows\system32\wshunix.dll
0x00007ffca0b50000 - 0x00007ffca0b67000 	C:\Windows\system32\napinsp.dll
0x00007ffc9fc60000 - 0x00007ffc9fc7b000 	C:\Windows\system32\pnrpnsp.dll
0x00007ffc9fc40000 - 0x00007ffc9fc52000 	C:\Windows\System32\winrnr.dll
0x00007ffc9fac0000 - 0x00007ffc9fad5000 	C:\Windows\system32\wshbth.dll
0x00007ffc9faa0000 - 0x00007ffc9fabf000 	C:\Windows\system32\nlansp_c.dll

dbghelp: loaded successfully - version: 4.0.5 - missing functions: none
symbol engine: initialized successfully - sym options: 0x614 - pdb path: .;C:\Users\Abhishek\Downloads\eclipse-java-2022-06-R-win32-x86_64\eclipse\plugins\org.eclipse.justj.openjdk.hotspot.jre.full.win32.x86_64_17.0.3.v20220515-1416\jre\bin;C:\Windows\SYSTEM32;C:\Windows\WinSxS\amd64_microsoft.windows.common-controls_6595b64144ccf1df_6.0.22000.120_none_9d947278b86cc467;C:\Users\Abhishek\Downloads\eclipse-java-2022-06-R-win32-x86_64\eclipse\plugins\org.eclipse.justj.openjdk.hotspot.jre.full.win32.x86_64_17.0.3.v20220515-1416\jre\bin\server

VM Arguments:
jvm_args: -ea -Dfile.encoding=UTF-8 -XX:+ShowCodeDetailsInExceptionMessages 
java_command: org.testng.remote.RemoteTestNG -serport 65184 -protocol json -d D:\eclipse-ws\appiumprojectautomation\test-output C:\Users\Abhishek\AppData\Local\Temp\testng-eclipse-1318161802\testng-customsuite.xml
java_class_path (initial): C:\Users\Abhishek\Downloads\eclipse-java-2022-06-R-win32-x86_64\eclipse\configuration\org.eclipse.osgi\431\0\.cp\lib\testng-remote.jar;D:\eclipse-ws\appiumprojectautomation\target\test-classes;D:\eclipse-ws\appiumprojectautomation\target\classes;C:\Users\Abhishek\.m2\repository\io\appium\java-client\8.2.0\java-client-8.2.0.jar;C:\Users\Abhishek\.m2\repository\org\seleniumhq\selenium\selenium-api\4.4.0\selenium-api-4.4.0.jar;C:\Users\Abhishek\.m2\repository\org\seleniumhq\selenium\selenium-remote-driver\4.4.0\selenium-remote-driver-4.4.0.jar;C:\Users\Abhishek\.m2\repository\com\google\auto\service\auto-service-annotations\1.0.1\auto-service-annotations-1.0.1.jar;C:\Users\Abhishek\.m2\repository\com\google\auto\service\auto-service\1.0.1\auto-service-1.0.1.jar;C:\Users\Abhishek\.m2\repository\com\google\auto\auto-common\1.2\auto-common-1.2.jar;C:\Users\Abhishek\.m2\repository\com\google\guava\guava\31.1-jre\guava-31.1-jre.jar;C:\Users\Abhishek\.m2\repository\com\google\guava\failureaccess\1.0.1\failureaccess-1.0.1.jar;C:\Users\Abhishek\.m2\repository\com\google\guava\listenablefuture\9999.0-empty-to-avoid-conflict-with-guava\listenablefuture-9999.0-empty-to-avoid-conflict-with-guava.jar;C:\Users\Abhishek\.m2\repository\org\checkerframework\checker-qual\3.12.0\checker-qual-3.12.0.jar;C:\Users\Abhishek\.m2\repository\com\google\errorprone\error_prone_annotations\2.11.0\error_prone_annotations-2.11.0.jar;C:\Users\Abhishek\.m2\repository\com\google\j2objc\j2objc-annotations\1.3\j2objc-annotations-1.3.jar;C:\Users\Abhishek\.m2\repository\io\netty\netty-buffer\4.1.78.Final\netty-buffer-4.1.78.Final.jar;C:\Users\Abhishek\.m2\repository\io\netty\netty-codec-http\4.1.78.Final\netty-codec-http-4.1.78.Final.jar;C:\Users\Abhishek\.m2\repository\io\netty\netty-codec\4.1.78.Final\netty-codec-4.1.78.Final.jar;C:\Users\Abhishek\.m2\repository\io\netty\netty-handler\4.1.78.Final\netty-handler-4.1.78.Final.jar;C:\Users\Abhishek\.m2\repository\io\netty\netty
Launcher Type: SUN_STANDARD

[Global flags]
     intx CICompilerCount                          = 4                                         {product} {ergonomic}
     uint ConcGCThreads                            = 3                                         {product} {ergonomic}
     uint G1ConcRefinementThreads                  = 10                                        {product} {ergonomic}
   size_t G1HeapRegionSize                         = 1048576                                   {product} {ergonomic}
    uintx GCDrainStackTargetSize                   = 64                                        {product} {ergonomic}
   size_t InitialHeapSize                          = 98566144                                  {product} {ergonomic}
   size_t MarkStackSize                            = 4194304                                   {product} {ergonomic}
   size_t MaxHeapSize                              = 1574961152                                {product} {ergonomic}
   size_t MaxNewSize                               = 944766976                                 {product} {ergonomic}
   size_t MinHeapDeltaBytes                        = 1048576                                   {product} {ergonomic}
   size_t MinHeapSize                              = 8388608                                   {product} {ergonomic}
    uintx NonNMethodCodeHeapSize                   = 5839372                                {pd product} {ergonomic}
    uintx NonProfiledCodeHeapSize                  = 122909434                              {pd product} {ergonomic}
    uintx ProfiledCodeHeapSize                     = 122909434                              {pd product} {ergonomic}
    uintx ReservedCodeCacheSize                    = 251658240                              {pd product} {ergonomic}
     bool SegmentedCodeCache                       = true                                      {product} {ergonomic}
     bool ShowCodeDetailsInExceptionMessages       = true                                   {manageable} {command line}
   size_t SoftMaxHeapSize                          = 1574961152                             {manageable} {ergonomic}
     bool UseCompressedClassPointers               = true                           {product lp64_product} {ergonomic}
     bool UseCompressedOops                        = true                           {product lp64_product} {ergonomic}
     bool UseG1GC                                  = true                                      {product} {ergonomic}
     bool UseLargePagesIndividualAllocation        = false                                  {pd product} {ergonomic}

Logging:
Log output configuration:
 #0: stdout all=warning uptime,level,tags
 #1: stderr all=off uptime,level,tags

Environment Variables:
JAVA_HOME=C:\Program Files\Java\jdk-11.0.16
PATH=C:/Users/Abhishek/Downloads/eclipse-java-2022-06-R-win32-x86_64/eclipse//plugins/org.eclipse.justj.openjdk.hotspot.jre.full.win32.x86_64_17.0.3.v20220515-1416/jre/bin/server;C:/Users/Abhishek/Downloads/eclipse-java-2022-06-R-win32-x86_64/eclipse//plugins/org.eclipse.justj.openjdk.hotspot.jre.full.win32.x86_64_17.0.3.v20220515-1416/jre/bin;C:\Program Files\Common Files\Oracle\Java\javapath;C:\Windows\system32;C:\Windows;C:\Windows\System32\Wbem;C:\Windows\System32\WindowsPowerShell\v1.0\;C:\Windows\System32\OpenSSH\;C:\Program Files\nodejs\;C:\Users\Abhishek\AppData\Local\Android\Sdk\tools\bin;C:\Users\Abhishek\AppData\Local\Android\Sdk\tools;C:\Users\Abhishek\AppData\Local\Android\Sdk\platform-tools;C:\Program Files\nodejs\node_modules\npm\bin;C:\Program Files\apache-maven-3.8.6\bin;C:\Users\Abhishek\AppData\Local\Microsoft\WindowsApps;C:\Users\Abhishek\AppData\Roaming\npm;C:\Users\Abhishek\Downloads\eclipse-java-2022-06-R-win32-x86_64\eclipse;
USERNAME=Abhishek
OS=Windows_NT
PROCESSOR_IDENTIFIER=AMD64 Family 23 Model 104 Stepping 1, AuthenticAMD



---------------  S Y S T E M  ---------------

OS:
 Windows 11 , 64 bit Build 22000 (10.0.22000.708)
OS uptime: 6 days 6:14 hours

CPU: total 12 (initial active 12) (12 cores per cpu, 2 threads per core) family 23 model 104 stepping 1 microcode 0x0, cx8, cmov, fxsr, ht, mmx, 3dnowpref, sse, sse2, sse3, ssse3, sse4a, sse4.1, sse4.2, popcnt, lzcnt, tsc, tscinvbit, avx, avx2, aes, clmul, bmi1, bmi2, adx, sha, fma, vzeroupper, clflush, clflushopt

Memory: 4k page, system-wide physical 6005M (93M free)
TotalPageFile size 24437M (AvailPageFile size 0M)
current process WorkingSet (physical memory assigned to process): 75M, peak: 128M
current process commit charge ("private bytes"): 165M, peak: 216M

vm_info: OpenJDK 64-Bit Server VM (17.0.3+7) for windows-amd64 JRE (17.0.3+7), built on Apr 19 2022 16:55:35 by "" with MS VC++ 16.7 (VS2019)

END.
